TN:
SF:/Users/waqqassheikh/Developer/nodejs/photo-to-text-service/server.js
FN:37,(anonymous_0)
FN:40,(anonymous_1)
FN:47,(anonymous_2)
FN:51,exitHandler
FNF:4
FNH:2
FNDA:1,(anonymous_0)
FNDA:1,(anonymous_1)
FNDA:0,(anonymous_2)
FNDA:0,exitHandler
DA:1,1
DA:2,1
DA:9,1
DA:15,1
DA:19,1
DA:21,1
DA:22,1
DA:26,1
DA:28,1
DA:29,1
DA:30,1
DA:31,1
DA:32,1
DA:33,1
DA:37,1
DA:38,1
DA:39,1
DA:40,1
DA:41,1
DA:47,1
DA:48,0
DA:53,0
DA:54,0
DA:56,0
DA:57,0
DA:61,1
DA:62,1
DA:63,1
DA:64,1
DA:68,1
LF:30
LH:25
BRF:0
BRH:0
end_of_record
TN:
SF:/Users/waqqassheikh/Developer/nodejs/photo-to-text-service/account/controllers/homeController.js
FN:5,(anonymous_0)
FNF:1
FNH:0
FNDA:0,(anonymous_0)
DA:6,0
DA:10,1
LF:2
LH:1
BRF:0
BRH:0
end_of_record
TN:
SF:/Users/waqqassheikh/Developer/nodejs/photo-to-text-service/account/controllers/index.js
FNF:0
FNH:0
DA:1,1
DA:2,1
DA:3,1
LF:3
LH:3
BRF:0
BRH:0
end_of_record
TN:
SF:/Users/waqqassheikh/Developer/nodejs/photo-to-text-service/account/controllers/loginController.js
FN:35,(anonymous_0)
FN:68,(anonymous_1)
FN:94,(anonymous_2)
FN:105,(anonymous_3)
FNF:4
FNH:0
FNDA:0,(anonymous_0)
FNDA:0,(anonymous_1)
FNDA:0,(anonymous_2)
FNDA:0,(anonymous_3)
DA:3,1
DA:7,1
DA:13,1
DA:17,1
DA:21,1
DA:31,1
DA:36,0
DA:37,0
DA:38,0
DA:39,0
DA:40,0
DA:44,0
DA:45,0
DA:47,0
DA:48,0
DA:49,0
DA:51,0
DA:52,0
DA:53,0
DA:54,0
DA:55,0
DA:56,0
DA:57,0
DA:58,0
DA:59,0
DA:62,0
DA:69,0
DA:70,0
DA:71,0
DA:72,0
DA:74,0
DA:75,0
DA:77,0
DA:78,0
DA:79,0
DA:80,0
DA:81,0
DA:82,0
DA:83,0
DA:84,0
DA:85,0
DA:88,0
DA:95,0
DA:96,0
DA:97,0
DA:99,0
DA:106,0
DA:114,1
LF:48
LH:7
BRDA:47,0,0,0
BRDA:47,0,1,0
BRDA:51,1,0,0
BRDA:51,1,1,0
BRDA:54,2,0,0
BRDA:54,2,1,0
BRDA:57,3,0,0
BRDA:57,3,1,0
BRDA:77,4,0,0
BRDA:77,4,1,0
BRDA:80,5,0,0
BRDA:80,5,1,0
BRDA:83,6,0,0
BRDA:83,6,1,0
BRF:14
BRH:0
end_of_record
TN:
SF:/Users/waqqassheikh/Developer/nodejs/photo-to-text-service/account/controllers/registrationController.js
FN:32,(anonymous_0)
FN:59,(anonymous_1)
FN:85,(anonymous_2)
FN:111,(anonymous_3)
FN:126,(anonymous_4)
FNF:5
FNH:0
FNDA:0,(anonymous_0)
FNDA:0,(anonymous_1)
FNDA:0,(anonymous_2)
FNDA:0,(anonymous_3)
FNDA:0,(anonymous_4)
DA:1,1
DA:2,1
DA:5,1
DA:11,1
DA:15,1
DA:18,1
DA:28,1
DA:33,0
DA:34,0
DA:35,0
DA:36,0
DA:38,0
DA:42,0
DA:43,0
DA:45,0
DA:46,0
DA:47,0
DA:48,0
DA:49,0
DA:50,0
DA:53,0
DA:60,0
DA:61,0
DA:62,0
DA:63,0
DA:65,0
DA:66,0
DA:67,0
DA:69,0
DA:70,0
DA:71,0
DA:72,0
DA:73,0
DA:74,0
DA:75,0
DA:76,0
DA:77,0
DA:80,0
DA:86,0
DA:87,0
DA:88,0
DA:89,0
DA:90,0
DA:92,0
DA:93,0
DA:95,0
DA:96,0
DA:97,0
DA:98,0
DA:99,0
DA:100,0
DA:101,0
DA:102,0
DA:103,0
DA:106,0
DA:113,0
DA:114,0
DA:117,0
DA:118,0
DA:119,0
DA:128,0
DA:129,0
DA:130,0
DA:132,0
DA:136,1
LF:65
LH:8
BRDA:45,0,0,0
BRDA:45,0,1,0
BRDA:48,1,0,0
BRDA:48,1,1,0
BRDA:69,2,0,0
BRDA:69,2,1,0
BRDA:72,3,0,0
BRDA:72,3,1,0
BRDA:75,4,0,0
BRDA:75,4,1,0
BRDA:95,5,0,0
BRDA:95,5,1,0
BRDA:98,6,0,0
BRDA:98,6,1,0
BRDA:101,7,0,0
BRDA:101,7,1,0
BRF:16
BRH:0
end_of_record
TN:
SF:/Users/waqqassheikh/Developer/nodejs/photo-to-text-service/account/controllers/validation.js
FNF:0
FNH:0
DA:2,1
DA:4,1
DA:8,1
LF:3
LH:3
BRF:0
BRH:0
end_of_record
TN:
SF:/Users/waqqassheikh/Developer/nodejs/photo-to-text-service/account/errors/classes.js
FN:2,(anonymous_0)
FN:11,(anonymous_1)
FNF:2
FNH:2
FNDA:36,(anonymous_0)
FNDA:26,(anonymous_1)
DA:3,36
DA:4,36
DA:5,36
DA:6,36
DA:12,26
DA:13,26
DA:35,1
LF:7
LH:7
BRF:0
BRH:0
end_of_record
TN:
SF:/Users/waqqassheikh/Developer/nodejs/photo-to-text-service/account/errors/domains.js
FNF:0
FNH:0
DA:1,1
DA:81,1
LF:2
LH:2
BRF:0
BRH:0
end_of_record
TN:
SF:/Users/waqqassheikh/Developer/nodejs/photo-to-text-service/account/errors/index.js
FNF:0
FNH:0
DA:1,1
DA:2,1
DA:3,1
DA:4,1
DA:5,1
DA:6,1
DA:7,1
DA:8,1
DA:9,1
DA:10,1
DA:11,1
DA:12,1
LF:12
LH:12
BRF:0
BRH:0
end_of_record
TN:
SF:/Users/waqqassheikh/Developer/nodejs/photo-to-text-service/account/models/errorResponse.js
FN:3,(anonymous_0)
FNF:1
FNH:0
FNDA:0,(anonymous_0)
DA:4,0
DA:5,0
DA:6,0
DA:7,0
DA:12,1
LF:5
LH:1
BRDA:3,0,0,0
BRF:1
BRH:0
end_of_record
TN:
SF:/Users/waqqassheikh/Developer/nodejs/photo-to-text-service/account/models/index.js
FNF:0
FNH:0
DA:1,1
DA:2,1
DA:3,1
DA:4,1
DA:5,1
DA:6,1
DA:7,1
LF:7
LH:7
BRF:0
BRH:0
end_of_record
TN:
SF:/Users/waqqassheikh/Developer/nodejs/photo-to-text-service/account/models/loginCredentials.js
FN:17,(anonymous_0)
FN:26,(anonymous_1)
FNF:2
FNH:2
FNDA:7,(anonymous_0)
FNDA:14,(anonymous_1)
DA:3,1
DA:4,1
DA:8,1
DA:10,1
DA:21,7
DA:22,7
DA:23,7
DA:30,14
DA:34,1
LF:9
LH:9
BRF:0
BRH:0
end_of_record
TN:
SF:/Users/waqqassheikh/Developer/nodejs/photo-to-text-service/account/models/token.js
FN:18,(anonymous_0)
FN:34,(anonymous_1)
FNF:2
FNH:2
FNDA:159,(anonymous_0)
FNDA:206,(anonymous_1)
DA:2,1
DA:6,1
DA:8,1
DA:10,1
DA:23,159
DA:24,153
DA:25,153
DA:27,153
DA:28,59
DA:30,94
DA:39,206
DA:43,1
LF:12
LH:12
BRDA:27,0,0,59
BRDA:27,0,1,94
BRF:2
BRH:2
end_of_record
TN:
SF:/Users/waqqassheikh/Developer/nodejs/photo-to-text-service/account/models/user.js
FN:28,(anonymous_0)
FN:64,(anonymous_1)
FN:70,(anonymous_2)
FN:85,(anonymous_3)
FN:86,(anonymous_4)
FN:89,(anonymous_5)
FN:93,(anonymous_6)
FN:97,(anonymous_7)
FN:98,(anonymous_8)
FN:101,(anonymous_9)
FN:105,(anonymous_10)
FNF:11
FNH:11
FNDA:138,(anonymous_0)
FNDA:105,(anonymous_1)
FNDA:138,(anonymous_2)
FNDA:37,(anonymous_3)
FNDA:39,(anonymous_4)
FNDA:37,(anonymous_5)
FNDA:3,(anonymous_6)
FNDA:12,(anonymous_7)
FNDA:14,(anonymous_8)
FNDA:10,(anonymous_9)
FNDA:2,(anonymous_10)
DA:2,1
DA:3,1
DA:4,1
DA:8,1
DA:11,1
DA:13,1
DA:40,138
DA:42,126
DA:43,126
DA:44,126
DA:45,126
DA:46,126
DA:47,126
DA:48,126
DA:49,126
DA:51,126
DA:52,126
DA:53,59
DA:56,126
DA:57,1
DA:58,1
DA:59,1
DA:63,126
DA:64,66
DA:65,105
DA:82,138
DA:86,39
DA:90,37
DA:91,36
DA:93,35
DA:94,35
DA:98,14
DA:102,10
DA:103,9
DA:105,8
DA:106,8
DA:110,1
LF:37
LH:37
BRDA:34,0,0,1
BRDA:35,1,0,1
BRDA:36,2,0,1
BRDA:38,3,0,33
BRDA:52,4,0,59
BRDA:52,4,1,67
BRDA:56,5,0,1
BRDA:56,5,1,125
BRDA:58,6,0,1
BRDA:58,6,1,0
BRDA:63,7,0,66
BRDA:63,7,1,60
BRDA:63,8,0,126
BRDA:63,8,1,126
BRDA:76,9,0,1
BRDA:77,10,0,1
BRDA:78,11,0,1
BRDA:80,12,0,33
BRF:18
BRH:17
end_of_record
TN:
SF:/Users/waqqassheikh/Developer/nodejs/photo-to-text-service/account/models/userResponse.js
FN:8,(anonymous_0)
FNF:1
FNH:0
FNDA:0,(anonymous_0)
DA:3,1
DA:5,1
DA:9,0
DA:10,0
DA:11,0
DA:12,0
DA:17,1
LF:7
LH:3
BRF:0
BRH:0
end_of_record
TN:
SF:/Users/waqqassheikh/Developer/nodejs/photo-to-text-service/account/models/utils.js
FN:8,(anonymous_0)
FN:10,(anonymous_1)
FN:11,(anonymous_2)
FNF:3
FNH:3
FNDA:369,(anonymous_0)
FNDA:22,(anonymous_1)
FNDA:22,(anonymous_2)
DA:2,1
DA:6,1
DA:8,1
DA:9,369
DA:10,22
DA:11,22
DA:12,22
DA:16,1
LF:8
LH:8
BRDA:9,0,0,22
BRDA:9,0,1,347
BRDA:9,1,0,369
BRDA:9,1,1,369
BRF:4
BRH:4
end_of_record
TN:
SF:/Users/waqqassheikh/Developer/nodejs/photo-to-text-service/account/models/verificationCodeRequest.js
FN:14,(anonymous_0)
FN:21,(anonymous_1)
FNF:2
FNH:2
FNDA:6,(anonymous_0)
FNDA:11,(anonymous_1)
DA:2,1
DA:6,1
DA:8,1
DA:17,6
DA:18,5
DA:22,11
DA:27,1
LF:7
LH:7
BRF:0
BRH:0
end_of_record
TN:
SF:/Users/waqqassheikh/Developer/nodejs/photo-to-text-service/account/repository/index.js
FNF:0
FNH:0
DA:1,1
LF:1
LH:1
BRF:0
BRH:0
end_of_record
TN:
SF:/Users/waqqassheikh/Developer/nodejs/photo-to-text-service/account/repository/userRepository.js
FN:26,(anonymous_0)
FN:32,(anonymous_1)
FN:36,(anonymous_2)
FN:40,(anonymous_3)
FN:57,(anonymous_4)
FN:85,(anonymous_5)
FN:93,(anonymous_6)
FN:106,(anonymous_7)
FN:110,(anonymous_8)
FN:114,(anonymous_9)
FN:130,(anonymous_10)
FN:134,(anonymous_11)
FN:138,(anonymous_12)
FNF:13
FNH:13
FNDA:57,(anonymous_0)
FNDA:175,(anonymous_1)
FNDA:1032,(anonymous_2)
FNDA:57,(anonymous_3)
FNDA:20,(anonymous_4)
FNDA:56,(anonymous_5)
FNDA:13,(anonymous_6)
FNDA:5,(anonymous_7)
FNDA:14,(anonymous_8)
FNDA:19,(anonymous_9)
FNDA:10,(anonymous_10)
FNDA:2,(anonymous_11)
FNDA:12,(anonymous_12)
DA:2,1
DA:3,1
DA:6,1
DA:10,1
DA:13,1
DA:17,1
DA:20,1
DA:22,1
DA:23,1
DA:26,1
DA:27,57
DA:28,56
DA:29,56
DA:32,1
DA:33,175
DA:36,1
DA:37,1032
DA:40,1
DA:41,57
DA:42,57
DA:43,57
DA:45,57
DA:46,57
DA:47,57
DA:48,56
DA:50,1
DA:51,1
DA:53,0
DA:57,1
DA:58,20
DA:59,18
DA:60,18
DA:62,18
DA:63,18
DA:65,18
DA:66,18
DA:74,18
DA:75,0
DA:77,18
DA:78,18
DA:79,18
DA:81,0
DA:85,1
DA:86,56
DA:93,1
DA:94,13
DA:96,13
DA:99,13
DA:100,2
DA:102,11
DA:103,11
DA:106,1
DA:107,5
DA:110,1
DA:111,14
DA:114,1
DA:115,19
DA:123,19
DA:124,5
DA:126,14
DA:127,14
DA:130,1
DA:131,10
DA:134,1
DA:135,2
DA:138,1
DA:139,12
DA:159,12
DA:160,12
DA:161,0
DA:163,12
DA:164,12
DA:167,1
LF:73
LH:69
BRDA:50,0,0,1
BRDA:50,0,1,0
BRDA:74,1,0,0
BRDA:74,1,1,18
BRDA:99,2,0,2
BRDA:99,2,1,11
BRDA:123,3,0,5
BRDA:123,3,1,14
BRDA:160,4,0,0
BRDA:160,4,1,12
BRF:10
BRH:7
end_of_record
TN:
SF:/Users/waqqassheikh/Developer/nodejs/photo-to-text-service/account/services/emailService.js
FN:11,(anonymous_0)
FN:34,(anonymous_1)
FNF:2
FNH:1
FNDA:1,(anonymous_0)
FNDA:0,(anonymous_1)
DA:2,1
DA:3,1
DA:4,1
DA:5,1
DA:6,1
DA:7,1
DA:11,1
DA:12,1
DA:13,1
DA:17,1
DA:18,1
DA:19,1
DA:20,1
DA:22,1
DA:31,1
DA:34,1
DA:35,0
DA:36,0
DA:37,0
DA:38,0
DA:40,0
DA:43,1
LF:22
LH:17
BRDA:17,0,0,1
BRDA:17,0,1,0
BRDA:37,1,0,0
BRDA:37,1,1,0
BRF:4
BRH:1
end_of_record
TN:
SF:/Users/waqqassheikh/Developer/nodejs/photo-to-text-service/account/services/index.js
FNF:0
FNH:0
DA:1,1
DA:2,1
LF:2
LH:2
BRF:0
BRH:0
end_of_record
TN:
SF:/Users/waqqassheikh/Developer/nodejs/photo-to-text-service/account/services/userService.js
FN:37,(anonymous_0)
FN:55,(anonymous_1)
FN:73,(anonymous_2)
FN:89,(anonymous_3)
FN:105,(anonymous_4)
FN:110,(anonymous_5)
FN:114,(anonymous_6)
FN:138,(anonymous_7)
FN:162,(anonymous_8)
FN:179,(anonymous_9)
FN:200,(anonymous_10)
FNF:11
FNH:11
FNDA:36,(anonymous_0)
FNDA:34,(anonymous_1)
FNDA:5,(anonymous_2)
FNDA:36,(anonymous_3)
FNDA:32,(anonymous_4)
FNDA:7,(anonymous_5)
FNDA:11,(anonymous_6)
FNDA:7,(anonymous_7)
FNDA:7,(anonymous_8)
FNDA:5,(anonymous_9)
FNDA:2,(anonymous_10)
DA:3,1
DA:4,1
DA:5,1
DA:6,1
DA:10,1
DA:16,1
DA:19,1
DA:30,1
DA:32,1
DA:33,1
DA:34,1
DA:35,1
DA:37,1
DA:38,36
DA:39,36
DA:40,36
DA:41,32
DA:42,32
DA:43,32
DA:44,32
DA:45,32
DA:47,32
DA:48,32
DA:49,32
DA:51,4
DA:55,1
DA:56,34
DA:62,34
DA:63,34
DA:66,34
DA:73,1
DA:74,5
DA:76,4
DA:78,4
DA:79,4
DA:80,1
DA:82,3
DA:83,1
DA:85,2
DA:86,2
DA:89,1
DA:90,36
DA:91,0
DA:96,36
DA:97,36
DA:98,4
DA:99,4
DA:105,1
DA:106,32
DA:107,32
DA:110,1
DA:111,7
DA:114,1
DA:116,11
DA:118,11
DA:119,1
DA:121,10
DA:122,1
DA:125,9
DA:126,9
DA:128,1
DA:130,9
DA:134,8
DA:135,8
DA:138,1
DA:139,7
DA:141,7
DA:143,7
DA:144,7
DA:145,0
DA:148,7
DA:149,0
DA:152,7
DA:154,7
DA:155,0
DA:158,7
DA:159,7
DA:162,1
DA:163,7
DA:169,7
DA:170,7
DA:172,7
DA:179,1
DA:181,5
DA:182,5
DA:183,2
DA:186,3
DA:187,1
DA:190,2
DA:191,2
DA:193,1
DA:194,1
DA:197,1
DA:200,1
DA:201,2
DA:202,2
DA:205,0
DA:206,0
DA:211,1
LF:99
LH:93
BRDA:79,0,0,1
BRDA:79,0,1,3
BRDA:82,1,0,1
BRDA:82,1,1,2
BRDA:90,2,0,0
BRDA:90,2,1,36
BRDA:97,3,0,4
BRDA:97,3,1,32
BRDA:118,4,0,1
BRDA:118,4,1,10
BRDA:121,5,0,1
BRDA:121,5,1,9
BRDA:144,6,0,0
BRDA:144,6,1,7
BRDA:148,7,0,0
BRDA:148,7,1,7
BRDA:154,8,0,0
BRDA:154,8,1,7
BRDA:182,9,0,2
BRDA:182,9,1,3
BRDA:186,10,0,1
BRDA:186,10,1,2
BRDA:205,11,0,0
BRDA:205,11,1,0
BRF:24
BRH:18
end_of_record
TN:
SF:/Users/waqqassheikh/Developer/nodejs/photo-to-text-service/config/config.js
FN:4,(anonymous_0)
FNF:1
FNH:1
FNDA:12,(anonymous_0)
DA:1,1
DA:2,1
DA:4,1
DA:5,12
DA:6,12
LF:5
LH:5
BRDA:1,0,0,1
BRDA:1,0,1,0
BRF:2
BRH:1
end_of_record
TN:
SF:/Users/waqqassheikh/Developer/nodejs/photo-to-text-service/db/index.js
FN:10,initDb
FN:19,getDb
FN:23,getClient
FN:27,closeDb
FNF:4
FNH:2
FNDA:3,initDb
FNDA:249,getDb
FNDA:0,getClient
FNDA:0,closeDb
DA:1,1
DA:4,1
DA:11,3
DA:12,3
DA:15,3
DA:16,3
DA:20,249
DA:24,0
DA:28,0
DA:29,0
DA:30,0
DA:31,0
LF:12
LH:7
BRDA:28,0,0,0
BRDA:28,0,1,0
BRF:2
BRH:0
end_of_record
TN:
SF:/Users/waqqassheikh/Developer/nodejs/photo-to-text-service/utils/index.js
FNF:0
FNH:0
DA:1,1
DA:2,1
LF:2
LH:2
BRF:0
BRH:0
end_of_record
TN:
SF:/Users/waqqassheikh/Developer/nodejs/photo-to-text-service/utils/log.js
FN:1,(anonymous_0)
FN:5,(anonymous_1)
FNF:2
FNH:1
FNDA:1,(anonymous_0)
FNDA:0,(anonymous_1)
DA:1,1
DA:2,1
DA:5,1
DA:6,0
LF:4
LH:3
BRF:0
BRH:0
end_of_record
